-------------------------------------------------------------------------------
Test set: Data Tables Feature
-------------------------------------------------------------------------------
Tests run: 1, Failures: 1, Errors: 0, Skipped: 0, Time elapsed: 4.352 s <<< FAILURE! -- in Data Tables Feature
Data Tables Feature.Data Tables Test -- Time elapsed: 3.945 s <<< FAILURE!
java.lang.AssertionError
	at org.junit.Assert.fail(Assert.java:87)
	at org.junit.Assert.fail(Assert.java:96)
	at stepdefinitions.CommonStepDef.iFailTheTest(CommonStepDef.java:55)
	at âœ½.I fail the test(file:///C:/Users/loloo/IdeaProjects/SDA-2024-Onsite-Cucumber-master%20(1)/src/test/resources/features/dataTables.feature:9)

