<?xml version="1.0" encoding="UTF-8"?>
<testsuite xmlns:xsi="http://www.w3.org/2001/XMLSchema-instance" xsi:noNamespaceSchemaLocation="https://maven.apache.org/surefire/maven-surefire-plugin/xsd/surefire-test-report-3.0.xsd" version="3.0" name="Data Tables Feature" time="4.352" tests="1" errors="0" skipped="0" failures="1">
  <properties>
[...]
</properties>
  <testcase name="Data Tables Test" classname="Data Tables Feature" time="3.945">
    <failure type="java.lang.AssertionError"><![CDATA[java.lang.AssertionError
	at org.junit.Assert.fail(Assert.java:87)
	at org.junit.Assert.fail(Assert.java:96)
	at stepdefinitions.CommonStepDef.iFailTheTest(CommonStepDef.java:55)
	at ✽.I fail the test(file:///C:/Users/loloo/IdeaProjects/SDA-2024-Onsite-Cucumber-master%20(1)/src/test/resources/features/dataTables.feature:9)
]]></failure>
    <system-out><![CDATA[
Scenario: Data Tables Test                &amp#27;[90m# src/test/resources/features/dataTables.feature:3&amp#27;[0m
Before the scenario: Setting up the environment...
Scenario id: ee2e37b4-853a-4b34-bc25-7cab1971b4f2
Scenario name: Data Tables Test
[amazon, google, ebay]
amazon
google
ebay
  &amp#27;[32mWhen &amp#27;[0m&amp#27;[32mI search for String on google&amp#27;[0m      &amp#27;[90m# stepdefinitions.DataTablesStepDef.i_search_for_string_on_google(java.util.List<java.util.List<java.lang.String>>)&amp#27;[0m
    | amazon | google | ebay |
  &amp#27;[32mThen &amp#27;[0m&amp#27;[32mI should see String on the results&amp#27;[0m &amp#27;[90m# stepdefinitions.DataTablesStepDef.i_should_see_string_on_the_results(io.cucumber.datatable.DataTable)&amp#27;[0m
    | amazon |
  &amp#27;[32mThen &amp#27;[0m&amp#27;[32mI close the browser&amp#27;[0m                &amp#27;[90m# stepdefinitions.CommonStepDef.i_close_the_browser()&amp#27;[0m
  &amp#27;[31mThen &amp#27;[0m&amp#27;[31mI fail the test&amp#27;[0m                    &amp#27;[90m# stepdefinitions.CommonStepDef.iFailTheTest()&amp#27;[0m
      &amp#27;[31mjava.lang.AssertionError
	at org.junit.Assert.fail(Assert.java:87)
	at org.junit.Assert.fail(Assert.java:96)
	at stepdefinitions.CommonStepDef.iFailTheTest(CommonStepDef.java:55)
	at ✽.I fail the test(file:///C:/Users/loloo/IdeaProjects/SDA-2024-Onsite-Cucumber-master%20(1)/src/test/resources/features/dataTables.feature:9)
&amp#27;[0m
After the scenario, cleaning up the test environment
Scenario status: FAILED
Scenario isFailed?: true

    Embedding FailedScreenshot [image/png 8000 bytes]

]]></system-out>
    <system-err><![CDATA[Apr 18, 2024 9:17:08 AM org.openqa.selenium.devtools.CdpVersionFinder findNearestMatch
WARNING: Unable to find an exact match for CDP version 123, returning the closest version; found: 122; Please update to a Selenium version that supports CDP version 123
Apr 18, 2024 9:17:10 AM org.openqa.selenium.devtools.CdpVersionFinder findNearestMatch
WARNING: Unable to find an exact match for CDP version 123, returning the closest version; found: 122; Please update to a Selenium version that supports CDP version 123
]]></system-err>
  </testcase>
</testsuite>